<?xml version="1.0" encoding="UTF-8"?>
<!-- Generated by org.testng.reporters.JUnitReportReporter -->
<testsuite hostname="EC2AMAZ-S11DBRH" failures="0" tests="2" name="runner.MyTestRunner" time="0.333" errors="2" timestamp="2024-05-08T07:13:52 GMT" skipped="0">
  <testcase classname="runner.MyTestRunner" name="runScenario" time="0.312">
    <error message="Cannot invoke &quot;org.openqa.selenium.WebDriver.get(String)&quot; because &quot;base.TestBase.driver&quot; is null" type="java.lang.NullPointerException">
      <![CDATA[java.lang.NullPointerException: Cannot invoke "org.openqa.selenium.WebDriver.get(String)" because "base.TestBase.driver" is null
at base.TestBase.openUrl(TestBase.java:53)
at stepDefs.OrderStepDef.user_is_on_login_page(OrderStepDef.java:27)
at ✽.User is on Login Page(file:///C:/Users/Administrator/eclipse-workspace/BDDPOMProject/src/test/resources/features/PlaceOrder.feature:4)
]]>
    </error>
  </testcase> <!-- runScenario -->
  <system-out/>
  <testcase classname="runner.MyTestRunner" name="runScenario" time="0.021">
    <error message="Cannot invoke &quot;org.openqa.selenium.WebDriver.get(String)&quot; because &quot;base.TestBase.driver&quot; is null" type="java.lang.NullPointerException">
      <![CDATA[java.lang.NullPointerException: Cannot invoke "org.openqa.selenium.WebDriver.get(String)" because "base.TestBase.driver" is null
at base.TestBase.openUrl(TestBase.java:53)
at stepDefs.OrderStepDef.user_is_on_login_page(OrderStepDef.java:27)
at ✽.User is on Login Page(file:///C:/Users/Administrator/eclipse-workspace/BDDPOMProject/src/test/resources/features/PlaceOrder.feature:4)
]]>
    </error>
  </testcase> <!-- runScenario -->
  <system-out/>
</testsuite> <!-- runner.MyTestRunner -->
